Arguments: 
  /usr/local/bin/node /home/krlos/.yarn/bin/yarn.js add tailwindcss postcss autoprefixer-D

PATH: 
  /home/krlos/.yarn/bin:/home/krlos/.config/yarn/global/node_modules/.bin:/home/krlos/.local/bin:/home/krlos/.rvm/gems/ruby-3.0.0/bin:/home/krlos/.rvm/gems/ruby-3.0.0@global/bin:/home/krlos/.rvm/rubies/ruby-3.0.0/bin:/usr/local/sbin:/usr/local/bin:/usr/sbin:/usr/bin:/sbin:/bin:/usr/games:/usr/local/games:/snap/bin:/home/krlos/.rvm/bin:/home/krlos/.rvm/bin:/home/krlos/Android/Sdk/emulator:/home/krlos/Android/Sdk/tools:/home/krlos/Android/Sdk/tools/bin:/home/krlos/Android/Sdk/platform-tools:/home/krlos/.rvm/bin

Yarn version: 
  1.22.17

Node version: 
  14.17.1

Platform: 
  linux x64

Trace: 
  Error: https://registry.yarnpkg.com/autoprefixer-D: Not found
      at Request.params.callback [as _callback] (/home/krlos/.yarn/lib/cli.js:67029:18)
      at Request.self.callback (/home/krlos/.yarn/lib/cli.js:140883:22)
      at Request.emit (events.js:375:28)
      at Request.<anonymous> (/home/krlos/.yarn/lib/cli.js:141855:10)
      at Request.emit (events.js:375:28)
      at IncomingMessage.<anonymous> (/home/krlos/.yarn/lib/cli.js:141777:12)
      at Object.onceWrapper (events.js:481:28)
      at IncomingMessage.emit (events.js:387:35)
      at endReadableNT (internal/streams/readable.js:1317:12)
      at processTicksAndRejections (internal/process/task_queues.js:82:21)

npm manifest: 
  {
    "name": "Evvo2",
    "version": "1.0.0",
    "description": "Shopify Theme Update",
    "main": "index.js",
    "author": "Carlos Martinez Ival <carlosmartinezival@gmail.com>",
    "license": "MIT"
  }

yarn manifest: 
  No manifest

Lockfile: 
  # THIS IS AN AUTOGENERATED FILE. DO NOT EDIT THIS FILE DIRECTLY.
  # yarn lockfile v1
